  Game.cpp
c:\users\team1_p\desktop\프로젝트\directxsamples\gyeongbok_3\app.h(45): warning C4189: 'hr': 지역 변수가 초기화되었으나 참조되지 않았습니다.
c:\users\team1_p\desktop\프로젝트\directxsamples\gyeongbok_3\sprite.h(34): warning C4244: '인수': 'LONG'에서 'FLOAT'(으)로 변환하면서 데이터가 손실될 수 있습니다.
c:\users\team1_p\desktop\프로젝트\directxsamples\gyeongbok_3\camera.h(58): warning C4244: '인수': 'int'에서 'FLOAT'(으)로 변환하면서 데이터가 손실될 수 있습니다.
c:\users\team1_p\desktop\프로젝트\directxsamples\gyeongbok_3\math.h(12): warning C4244: '=': 'FLOAT'에서 'LONG'(으)로 변환하면서 데이터가 손실될 수 있습니다.
c:\users\team1_p\desktop\프로젝트\directxsamples\gyeongbok_3\math.h(13): warning C4244: '=': 'FLOAT'에서 'LONG'(으)로 변환하면서 데이터가 손실될 수 있습니다.
c:\users\team1_p\desktop\프로젝트\directxsamples\gyeongbok_3\math.h(14): warning C4244: '=': 'FLOAT'에서 'LONG'(으)로 변환하면서 데이터가 손실될 수 있습니다.
c:\users\team1_p\desktop\프로젝트\directxsamples\gyeongbok_3\math.h(15): warning C4244: '=': 'FLOAT'에서 'LONG'(으)로 변환하면서 데이터가 손실될 수 있습니다.
c:\users\team1_p\desktop\프로젝트\directxsamples\gyeongbok_3\progressbar.h(26): warning C4244: '인수': 'LONG'에서 'FLOAT'(으)로 변환하면서 데이터가 손실될 수 있습니다.
c:\users\team1_p\desktop\프로젝트\directxsamples\gyeongbok_3\progressbar.h(51): warning C4244: '=': 'float'에서 'LONG'(으)로 변환하면서 데이터가 손실될 수 있습니다.
c:\users\team1_p\desktop\프로젝트\directxsamples\gyeongbok_3\player.h(229): warning C4244: '+=': 'float'에서 'LONG'(으)로 변환하면서 데이터가 손실될 수 있습니다.
c:\users\team1_p\desktop\프로젝트\directxsamples\gyeongbok_3\player.h(230): warning C4244: '-=': 'float'에서 'LONG'(으)로 변환하면서 데이터가 손실될 수 있습니다.
c:\users\team1_p\desktop\프로젝트\directxsamples\gyeongbok_3\player.h(231): warning C4244: '+=': 'float'에서 'LONG'(으)로 변환하면서 데이터가 손실될 수 있습니다.
c:\users\team1_p\desktop\프로젝트\directxsamples\gyeongbok_3\player.h(232): warning C4244: '-=': 'float'에서 'LONG'(으)로 변환하면서 데이터가 손실될 수 있습니다.
c:\users\team1_p\desktop\프로젝트\directxsamples\gyeongbok_3\enemy.h(102): warning C4244: '-=': 'float'에서 'LONG'(으)로 변환하면서 데이터가 손실될 수 있습니다.
c:\users\team1_p\desktop\프로젝트\directxsamples\gyeongbok_3\enemy.h(103): warning C4244: '+=': 'float'에서 'LONG'(으)로 변환하면서 데이터가 손실될 수 있습니다.
c:\users\team1_p\desktop\프로젝트\directxsamples\gyeongbok_3\enemy.h(104): warning C4244: '-=': 'float'에서 'LONG'(으)로 변환하면서 데이터가 손실될 수 있습니다.
c:\users\team1_p\desktop\프로젝트\directxsamples\gyeongbok_3\enemy.h(105): warning C4244: '+=': 'float'에서 'LONG'(으)로 변환하면서 데이터가 손실될 수 있습니다.
c:\users\team1_p\desktop\프로젝트\directxsamples\gyeongbok_3\snow.h(49): warning C4244: '인수': 'int'에서 'FLOAT'(으)로 변환하면서 데이터가 손실될 수 있습니다.
c:\users\team1_p\desktop\프로젝트\directxsamples\gyeongbok_3\game.cpp(56): warning C4389: '==': signed 또는 unsigned가 일치하지 않습니다.
c:\users\team1_p\desktop\프로젝트\directxsamples\gyeongbok_3\game.cpp(72): warning C4244: '-=': 'float'에서 'int'(으)로 변환하면서 데이터가 손실될 수 있습니다.
c:\users\team1_p\desktop\프로젝트\directxsamples\gyeongbok_3\game.cpp(77): warning C4244: '=': 'float'에서 'int'(으)로 변환하면서 데이터가 손실될 수 있습니다.
c:\users\team1_p\desktop\프로젝트\directxsamples\gyeongbok_3\game.cpp(206): warning C4244: '인수': 'double'에서 'FLOAT'(으)로 변환하면서 데이터가 손실될 수 있습니다.
c:\users\team1_p\desktop\프로젝트\directxsamples\gyeongbok_3\game.cpp(213): warning C4244: '인수': 'double'에서 'FLOAT'(으)로 변환하면서 데이터가 손실될 수 있습니다.
c:\users\team1_p\desktop\프로젝트\directxsamples\gyeongbok_3\game.cpp(219): warning C4244: '인수': 'double'에서 'FLOAT'(으)로 변환하면서 데이터가 손실될 수 있습니다.
c:\users\team1_p\desktop\프로젝트\directxsamples\gyeongbok_3\game.cpp(529): warning C4244: '인수': 'float'에서 'int'(으)로 변환하면서 데이터가 손실될 수 있습니다.
c:\users\team1_p\desktop\프로젝트\directxsamples\gyeongbok_3\game.cpp(535): warning C4244: '인수': 'float'에서 'int'(으)로 변환하면서 데이터가 손실될 수 있습니다.
c:\users\team1_p\desktop\프로젝트\directxsamples\gyeongbok_3\game.cpp(578): warning C4244: '인수': 'double'에서 'FLOAT'(으)로 변환하면서 데이터가 손실될 수 있습니다.
c:\users\team1_p\desktop\프로젝트\directxsamples\gyeongbok_3\game.cpp(582): warning C4244: '인수': 'double'에서 'FLOAT'(으)로 변환하면서 데이터가 손실될 수 있습니다.
  GyeongBok_3_2010.vcxproj -> C:\Users\team1_p\Desktop\프로젝트\DirectXSamples\GyeongBok_3\Debug\GyeongBok_3.exe
